0 info it worked if it ends with ok
1 verbose cli [ '/usr/bin/nodejs', '/usr/bin/npm', 'start' ]
2 info using npm@3.8.6
3 info using node@v5.12.0
4 verbose config Skipping project config: /home/work/.npmrc. (matches userconfig)
5 verbose run-script [ 'prestart', 'start', 'poststart' ]
6 info lifecycle angular2-bootstrap-starter@1.0.0-beta.1~prestart: angular2-bootstrap-starter@1.0.0-beta.1
7 silly lifecycle angular2-bootstrap-starter@1.0.0-beta.1~prestart: no script for prestart, continuing
8 info lifecycle angular2-bootstrap-starter@1.0.0-beta.1~start: angular2-bootstrap-starter@1.0.0-beta.1
9 verbose lifecycle angular2-bootstrap-starter@1.0.0-beta.1~start: unsafe-perm in lifecycle true
10 verbose lifecycle angular2-bootstrap-starter@1.0.0-beta.1~start: PATH: /usr/lib/node_modules/npm/bin/node-gyp-bin:/home/work/node_modules/.bin:/usr/bin:/usr/local/sbin:/usr/local/bin:/usr/sbin:/usr/bin:/sbin:/bin:/usr/games:/usr/local/games:/snap/bin:/usr/lib/jvm/java-8-oracle/bin:/usr/lib/jvm/java-8-oracle/db/bin:/usr/lib/jvm/java-8-oracle/jre/bin:/snap/bin:/usr/lib/jvm/java-8-oracle/bin:/usr/lib/jvm/java-8-oracle/db/bin:/usr/lib/jvm/java-8-oracle/jre/bin
11 verbose lifecycle angular2-bootstrap-starter@1.0.0-beta.1~start: CWD: /home/work
12 silly lifecycle angular2-bootstrap-starter@1.0.0-beta.1~start: Args: [ '-c', 'npm run dev' ]
13 silly lifecycle angular2-bootstrap-starter@1.0.0-beta.1~start: Returned: code: 1  signal: null
14 info lifecycle angular2-bootstrap-starter@1.0.0-beta.1~start: Failed to exec start script
15 verbose stack Error: angular2-bootstrap-starter@1.0.0-beta.1 start: `npm run dev`
15 verbose stack Exit status 1
15 verbose stack     at EventEmitter.<anonymous> (/usr/lib/node_modules/npm/lib/utils/lifecycle.js:239:16)
15 verbose stack     at emitTwo (events.js:100:13)
15 verbose stack     at EventEmitter.emit (events.js:185:7)
15 verbose stack     at ChildProcess.<anonymous> (/usr/lib/node_modules/npm/lib/utils/spawn.js:24:14)
15 verbose stack     at emitTwo (events.js:100:13)
15 verbose stack     at ChildProcess.emit (events.js:185:7)
15 verbose stack     at maybeClose (internal/child_process.js:850:16)
15 verbose stack     at Process.ChildProcess._handle.onexit (internal/child_process.js:215:5)
16 verbose pkgid angular2-bootstrap-starter@1.0.0-beta.1
17 verbose cwd /home/work/Projects/librorum
18 error Linux 4.10.0-19-generic
19 error argv "/usr/bin/nodejs" "/usr/bin/npm" "start"
20 error node v5.12.0
21 error npm  v3.8.6
22 error code ELIFECYCLE
23 error angular2-bootstrap-starter@1.0.0-beta.1 start: `npm run dev`
23 error Exit status 1
24 error Failed at the angular2-bootstrap-starter@1.0.0-beta.1 start script 'npm run dev'.
24 error Make sure you have the latest version of node.js and npm installed.
24 error If you do, this is most likely a problem with the angular2-bootstrap-starter package,
24 error not with npm itself.
24 error Tell the author that this fails on your system:
24 error     npm run dev
24 error You can get information on how to open an issue for this project with:
24 error     npm bugs angular2-bootstrap-starter
24 error Or if that isn't available, you can get their info via:
24 error     npm owner ls angular2-bootstrap-starter
24 error There is likely additional logging output above.
25 verbose exit [ 1, true ]
